c:\users\gta76\source\repos\glshapes\glshapes\x64\debug\vc143.pdb
c:\users\gta76\source\repos\glshapes\glshapes\x64\debug\vc143.idb
c:\users\gta76\source\repos\glshapes\glshapes\x64\debug\glad.obj
c:\users\gta76\source\repos\glshapes\glshapes\x64\debug\std.ixx.ifc
c:\users\gta76\source\repos\glshapes\glshapes\x64\debug\std.ixx.ifc.d.json
c:\users\gta76\source\repos\glshapes\glshapes\x64\debug\std.ixx.obj
c:\users\gta76\source\repos\glshapes\glshapes\x64\debug\std.compat.ixx.ifc
c:\users\gta76\source\repos\glshapes\glshapes\x64\debug\std.compat.ixx.ifc.d.json
c:\users\gta76\source\repos\glshapes\glshapes\x64\debug\std.compat.ixx.obj
c:\users\gta76\source\repos\glshapes\glshapes\x64\debug\vbo.obj
c:\users\gta76\source\repos\glshapes\glshapes\x64\debug\shaderclass.obj
c:\users\gta76\source\repos\glshapes\glshapes\x64\debug\main.obj
c:\users\gta76\source\repos\glshapes\glshapes\x64\debug\ebo.obj
c:\users\gta76\source\repos\glshapes\glshapes\x64\debug\vao.obj
c:\users\gta76\source\repos\glshapes\glshapes\x64\debug\stb.obj
c:\users\gta76\source\repos\glshapes\glshapes\x64\debug\texture.obj
c:\users\gta76\source\repos\glshapes\glshapes\x64\debug\camera.obj
c:\users\gta76\source\repos\glshapes\glshapes\x64\debug\mesh.obj
c:\users\gta76\source\repos\glshapes\glshapes\x64\debug\model.obj
c:\users\gta76\source\repos\glshapes\x64\debug\glshapes.exe
c:\users\gta76\source\repos\glshapes\glshapes\x64\debug\glshapes.ilk
c:\users\gta76\source\repos\glshapes\x64\debug\glshapes.pdb
c:\users\gta76\source\repos\glshapes\glshapes\x64\debug\std.compat.ixx.module.json
c:\users\gta76\source\repos\glshapes\glshapes\x64\debug\std.ixx.module.json
c:\users\gta76\source\repos\glshapes\glshapes\x64\debug\glm.cppm.module.json
c:\users\gta76\source\repos\glshapes\glshapes\x64\debug\glm.cppm.obj
c:\users\gta76\source\repos\glshapes\glshapes\x64\debug\glm.obj
c:\users\gta76\source\repos\glshapes\glshapes\x64\debug\imgui.obj
c:\users\gta76\source\repos\glshapes\glshapes\x64\debug\imgui_demo.obj
c:\users\gta76\source\repos\glshapes\glshapes\x64\debug\imgui_draw.obj
c:\users\gta76\source\repos\glshapes\glshapes\x64\debug\imgui_impl_glfw.obj
c:\users\gta76\source\repos\glshapes\glshapes\x64\debug\imgui_impl_opengl3.obj
c:\users\gta76\source\repos\glshapes\glshapes\x64\debug\imgui_tables.obj
c:\users\gta76\source\repos\glshapes\glshapes\x64\debug\imgui_widgets.obj
c:\users\gta76\source\repos\glshapes\glshapes\x64\debug\modeltransform.obj
c:\users\gta76\source\repos\glshapes\glshapes\x64\debug\shader.obj
c:\users\gta76\source\repos\glshapes\glshapes\x64\debug\glshapes.tlog\cl.command.1.tlog
c:\users\gta76\source\repos\glshapes\glshapes\x64\debug\glshapes.tlog\cl.items.tlog
c:\users\gta76\source\repos\glshapes\glshapes\x64\debug\glshapes.tlog\cl.read.1.tlog
c:\users\gta76\source\repos\glshapes\glshapes\x64\debug\glshapes.tlog\cl.write.1.tlog
c:\users\gta76\source\repos\glshapes\glshapes\x64\debug\glshapes.tlog\link.command.1.tlog
c:\users\gta76\source\repos\glshapes\glshapes\x64\debug\glshapes.tlog\link.read.1.tlog
c:\users\gta76\source\repos\glshapes\glshapes\x64\debug\glshapes.tlog\link.write.1.tlog
c:\users\gta76\source\repos\glshapes\glshapes\x64\debug\glshapes_md.tlog\cl.command.1.tlog
c:\users\gta76\source\repos\glshapes\glshapes\x64\debug\glshapes_md.tlog\microsoft.build.cpptasks.cl.read.1.tlog
c:\users\gta76\source\repos\glshapes\glshapes\x64\debug\glshapes_md.tlog\microsoft.build.cpptasks.cl.write.1.tlog
